0 info it worked if it ends with ok
1 verbose cli [ '/usr/bin/node', '/usr/bin/npm', 'install' ]
2 info using npm@1.4.28
3 info using node@v0.10.37
4 verbose node symlink /usr/bin/node
5 error install Couldn't read dependencies
6 error Error: Invalid name: "socket programming"
6 error     at ensureValidName (/usr/lib/node_modules/npm/node_modules/read-package-json/node_modules/normalize-package-data/lib/fixer.js:315:15)
6 error     at Object.module.exports.fixNameField (/usr/lib/node_modules/npm/node_modules/read-package-json/node_modules/normalize-package-data/lib/fixer.js:204:5)
6 error     at /usr/lib/node_modules/npm/node_modules/read-package-json/node_modules/normalize-package-data/lib/normalize.js:30:38
6 error     at Array.forEach (native)
6 error     at normalize (/usr/lib/node_modules/npm/node_modules/read-package-json/node_modules/normalize-package-data/lib/normalize.js:29:15)
6 error     at final (/usr/lib/node_modules/npm/node_modules/read-package-json/read-json.js:342:33)
6 error     at then (/usr/lib/node_modules/npm/node_modules/read-package-json/read-json.js:126:33)
6 error     at /usr/lib/node_modules/npm/node_modules/read-package-json/read-json.js:316:48
6 error     at evalmachine.<anonymous>:208:20
6 error     at OpenReq.Req.done (/usr/lib/node_modules/npm/node_modules/graceful-fs/graceful-fs.js:141:5)
7 error If you need help, you may report this *entire* log,
7 error including the npm and node versions, at:
7 error     <http://github.com/npm/npm/issues>
8 error System Linux 3.13.0-48-generic
9 error command "/usr/bin/node" "/usr/bin/npm" "install"
10 error cwd /home/narayand4/projects/nodejs/socket/1
11 error node -v v0.10.37
12 error npm -v 1.4.28
13 verbose exit [ 1, true ]
