0 info it worked if it ends with ok
1 verbose cli [ '/usr/bin/node', '/usr/bin/npm', 'install' ]
2 info using npm@1.4.28
3 info using node@v0.10.37
4 verbose node symlink /usr/bin/node
5 verbose readDependencies using package.json deps
6 verbose install where, deps [ '/home/narayand4/projects/nodejs/mongodb/mongo_express',
6 verbose install   [ 'express', 'jade', 'mongoose' ] ]
7 info preinstall application-name@0.0.1
8 verbose readDependencies using package.json deps
9 verbose cache add [ 'express@2.5.11', null ]
10 verbose cache add name=undefined spec="express@2.5.11" args=["express@2.5.11",null]
11 verbose parsed url { protocol: null,
11 verbose parsed url   slashes: null,
11 verbose parsed url   auth: null,
11 verbose parsed url   host: null,
11 verbose parsed url   port: null,
11 verbose parsed url   hostname: null,
11 verbose parsed url   hash: null,
11 verbose parsed url   search: null,
11 verbose parsed url   query: null,
11 verbose parsed url   pathname: 'express@2.5.11',
11 verbose parsed url   path: 'express@2.5.11',
11 verbose parsed url   href: 'express@2.5.11' }
12 verbose cache add [ 'jade@>= 0.0.1', null ]
13 verbose cache add name=undefined spec="jade@>= 0.0.1" args=["jade@>= 0.0.1",null]
14 verbose parsed url { protocol: null,
14 verbose parsed url   slashes: null,
14 verbose parsed url   auth: null,
14 verbose parsed url   host: null,
14 verbose parsed url   port: null,
14 verbose parsed url   hostname: null,
14 verbose parsed url   hash: null,
14 verbose parsed url   search: null,
14 verbose parsed url   query: null,
14 verbose parsed url   pathname: 'jade@%3E=%200.0.1',
14 verbose parsed url   path: 'jade@%3E=%200.0.1',
14 verbose parsed url   href: 'jade@%3E=%200.0.1' }
15 verbose cache add [ 'mongoose@>=2.7.0', null ]
16 verbose cache add name=undefined spec="mongoose@>=2.7.0" args=["mongoose@>=2.7.0",null]
17 verbose parsed url { protocol: null,
17 verbose parsed url   slashes: null,
17 verbose parsed url   auth: null,
17 verbose parsed url   host: null,
17 verbose parsed url   port: null,
17 verbose parsed url   hostname: null,
17 verbose parsed url   hash: null,
17 verbose parsed url   search: null,
17 verbose parsed url   query: null,
17 verbose parsed url   pathname: 'mongoose@%3E=2.7.0',
17 verbose parsed url   path: 'mongoose@%3E=2.7.0',
17 verbose parsed url   href: 'mongoose@%3E=2.7.0' }
18 verbose cache add name="express" spec="2.5.11" args=["express","2.5.11"]
19 verbose parsed url { protocol: null,
19 verbose parsed url   slashes: null,
19 verbose parsed url   auth: null,
19 verbose parsed url   host: null,
19 verbose parsed url   port: null,
19 verbose parsed url   hostname: null,
19 verbose parsed url   hash: null,
19 verbose parsed url   search: null,
19 verbose parsed url   query: null,
19 verbose parsed url   pathname: '2.5.11',
19 verbose parsed url   path: '2.5.11',
19 verbose parsed url   href: '2.5.11' }
20 verbose addNamed [ 'express', '2.5.11' ]
21 verbose addNamed [ '2.5.11', '2.5.11' ]
22 verbose cache add name="jade" spec=">= 0.0.1" args=["jade",">= 0.0.1"]
23 verbose parsed url { protocol: null,
23 verbose parsed url   slashes: null,
23 verbose parsed url   auth: null,
23 verbose parsed url   host: null,
23 verbose parsed url   port: null,
23 verbose parsed url   hostname: null,
23 verbose parsed url   hash: null,
23 verbose parsed url   search: null,
23 verbose parsed url   query: null,
23 verbose parsed url   pathname: '%3E=%200.0.1',
23 verbose parsed url   path: '%3E=%200.0.1',
23 verbose parsed url   href: '%3E=%200.0.1' }
24 verbose addNamed [ 'jade', '>= 0.0.1' ]
25 verbose addNamed [ null, '>=0.0.1' ]
26 verbose cache add name="mongoose" spec=">=2.7.0" args=["mongoose",">=2.7.0"]
27 verbose parsed url { protocol: null,
27 verbose parsed url   slashes: null,
27 verbose parsed url   auth: null,
27 verbose parsed url   host: null,
27 verbose parsed url   port: null,
27 verbose parsed url   hostname: null,
27 verbose parsed url   hash: null,
27 verbose parsed url   search: null,
27 verbose parsed url   query: null,
27 verbose parsed url   pathname: '%3E=2.7.0',
27 verbose parsed url   path: '%3E=2.7.0',
27 verbose parsed url   href: '%3E=2.7.0' }
28 verbose addNamed [ 'mongoose', '>=2.7.0' ]
29 verbose addNamed [ null, '>=2.7.0' ]
30 silly lockFile 631042f2-express-2-5-11 express@2.5.11
31 verbose lock express@2.5.11 /home/narayand4/.npm/631042f2-express-2-5-11.lock
32 silly lockFile 15f6ebf8-jade-0-0-1 jade@>= 0.0.1
33 verbose lock jade@>= 0.0.1 /home/narayand4/.npm/15f6ebf8-jade-0-0-1.lock
34 silly lockFile 0c4e4397-mongoose-2-7-0 mongoose@>=2.7.0
35 verbose lock mongoose@>=2.7.0 /home/narayand4/.npm/0c4e4397-mongoose-2-7-0.lock
36 silly addNameRange { name: 'jade', range: '>=0.0.1', hasData: false }
37 silly addNameRange { name: 'mongoose', range: '>=2.7.0', hasData: false }
38 verbose request where is /mongoose
39 verbose request registry https://registry.npmjs.org/
40 verbose request id c40edf9c0465b172
41 verbose url raw /mongoose
42 verbose url resolving [ 'https://registry.npmjs.org/', './mongoose' ]
43 verbose url resolved https://registry.npmjs.org/mongoose
44 verbose request where is https://registry.npmjs.org/mongoose
45 info trying registry request attempt 1 at 13:37:01
46 http GET https://registry.npmjs.org/mongoose
47 verbose request where is /jade
48 verbose request registry https://registry.npmjs.org/
49 verbose url raw /jade
50 verbose url resolving [ 'https://registry.npmjs.org/', './jade' ]
51 verbose url resolved https://registry.npmjs.org/jade
52 verbose request where is https://registry.npmjs.org/jade
53 info trying registry request attempt 1 at 13:37:02
54 verbose etag "ET6OY1J1ZM82AUTHXAR7YQPTS"
55 http GET https://registry.npmjs.org/jade
56 verbose request where is /express
57 verbose request registry https://registry.npmjs.org/
58 verbose url raw /express
59 verbose url resolving [ 'https://registry.npmjs.org/', './express' ]
60 verbose url resolved https://registry.npmjs.org/express
61 verbose request where is https://registry.npmjs.org/express
62 info trying registry request attempt 1 at 13:37:02
63 verbose etag "40OUVLG9HTL4E6RF09IQXB5SF"
64 http GET https://registry.npmjs.org/express
65 http 200 https://registry.npmjs.org/jade
66 silly registry.get cb [ 200,
66 silly registry.get   { server: 'CouchDB/1.5.0 (Erlang OTP/R16B03)',
66 silly registry.get     etag: '"BPV74BB9P72Z3MOMIT564BY7M"',
66 silly registry.get     'content-type': 'application/json',
66 silly registry.get     'cache-control': 'max-age=60',
66 silly registry.get     'content-length': '147569',
66 silly registry.get     'accept-ranges': 'bytes',
66 silly registry.get     date: 'Sun, 16 Aug 2015 08:07:02 GMT',
66 silly registry.get     via: '1.1 varnish',
66 silly registry.get     age: '19',
66 silly registry.get     connection: 'keep-alive',
66 silly registry.get     'x-served-by': 'cache-sin6922-SIN',
66 silly registry.get     'x-cache': 'HIT',
66 silly registry.get     'x-cache-hits': '2',
66 silly registry.get     'x-timer': 'S1439712422.785930,VS0,VE0',
66 silly registry.get     vary: 'Accept' } ]
67 silly addNameRange number 2 { name: 'jade', range: '>=0.0.1', hasData: true }
68 silly addNameRange versions [ 'jade',
68 silly addNameRange   [ '0.0.1',
68 silly addNameRange     '0.0.2',
68 silly addNameRange     '0.1.0',
68 silly addNameRange     '0.2.0',
68 silly addNameRange     '0.2.1',
68 silly addNameRange     '0.2.2',
68 silly addNameRange     '0.2.3',
68 silly addNameRange     '0.2.4',
68 silly addNameRange     '0.3.0',
68 silly addNameRange     '0.4.0',
68 silly addNameRange     '0.4.1',
68 silly addNameRange     '0.5.0',
68 silly addNameRange     '0.5.1',
68 silly addNameRange     '0.5.2',
68 silly addNameRange     '0.5.3',
68 silly addNameRange     '0.5.4',
68 silly addNameRange     '0.5.5',
68 silly addNameRange     '0.5.6',
68 silly addNameRange     '0.5.7',
68 silly addNameRange     '0.6.0',
68 silly addNameRange     '0.6.1',
68 silly addNameRange     '0.6.3',
68 silly addNameRange     '0.7.0',
68 silly addNameRange     '0.7.1',
68 silly addNameRange     '0.8.0',
68 silly addNameRange     '0.8.1',
68 silly addNameRange     '0.8.2',
68 silly addNameRange     '0.8.3',
68 silly addNameRange     '0.8.4',
68 silly addNameRange     '0.8.5',
68 silly addNameRange     '0.8.6',
68 silly addNameRange     '0.8.7',
68 silly addNameRange     '0.8.8',
68 silly addNameRange     '0.8.9',
68 silly addNameRange     '0.9.0',
68 silly addNameRange     '0.9.1',
68 silly addNameRange     '0.9.2',
68 silly addNameRange     '0.9.3',
68 silly addNameRange     '0.10.0',
68 silly addNameRange     '0.10.1',
68 silly addNameRange     '0.10.2',
68 silly addNameRange     '0.10.3',
68 silly addNameRange     '0.10.4',
68 silly addNameRange     '0.10.5',
68 silly addNameRange     '0.10.6',
68 silly addNameRange     '0.10.7',
68 silly addNameRange     '0.11.0',
68 silly addNameRange     '0.11.1',
68 silly addNameRange     '0.12.0',
68 silly addNameRange     '0.12.1',
68 silly addNameRange     '0.12.2',
68 silly addNameRange     '0.12.3',
68 silly addNameRange     '0.12.4',
68 silly addNameRange     '0.13.0',
68 silly addNameRange     '0.14.0',
68 silly addNameRange     '0.14.1',
68 silly addNameRange     '0.14.2',
68 silly addNameRange     '0.15.0',
68 silly addNameRange     '0.15.1',
68 silly addNameRange     '0.15.2',
68 silly addNameRange     '0.15.3',
68 silly addNameRange     '0.15.4',
68 silly addNameRange     '0.16.0',
68 silly addNameRange     '0.16.1',
68 silly addNameRange     '0.16.2',
68 silly addNameRange     '0.16.3',
68 silly addNameRange     '0.16.4',
68 silly addNameRange     '0.17.0',
68 silly addNameRange     '0.18.0',
68 silly addNameRange     '0.19.0',
68 silly addNameRange     '0.20.0',
68 silly addNameRange     '0.20.1',
68 silly addNameRange     '0.20.2',
68 silly addNameRange     '0.20.3',
68 silly addNameRange     '0.21.0',
68 silly addNameRange     '0.22.0',
68 silly addNameRange     '0.22.1',
68 silly addNameRange     '0.23.0',
68 silly addNameRange     '0.24.0',
68 silly addNameRange     '0.25.0',
68 silly addNameRange     '0.26.0',
68 silly addNameRange     '0.26.1',
68 silly addNameRange     '0.26.2',
68 silly addNameRange     '0.26.3',
68 silly addNameRange     '0.27.0',
68 silly addNameRange     '0.27.1',
68 silly addNameRange     '0.27.2',
68 silly addNameRange     '0.27.3',
68 silly addNameRange     '0.27.4',
68 silly addNameRange     '0.27.5',
68 silly addNameRange     '0.27.6',
68 silly addNameRange     '0.27.7',
68 silly addNameRange     '0.28.0',
68 silly addNameRange     '0.28.1',
68 silly addNameRange     '0.28.2',
68 silly addNameRange     '0.29.0',
68 silly addNameRange     '0.30.0',
68 silly addNameRange     '0.31.0',
68 silly addNameRange     '0.31.1',
68 silly addNameRange     '0.31.2',
68 silly addNameRange     '0.32.0',
68 silly addNameRange     '0.33.0',
68 silly addNameRange     '0.34.0',
68 silly addNameRange     '0.34.1',
68 silly addNameRange     '0.35.0',
68 silly addNameRange     '1.0.0',
68 silly addNameRange     '1.0.1',
68 silly addNameRange     '1.0.2',
68 silly addNameRange     '1.1.0',
68 silly addNameRange     '1.1.1',
68 silly addNameRange     '1.1.2',
68 silly addNameRange     '1.1.3',
68 silly addNameRange     '1.1.4',
68 silly addNameRange     '1.1.5',
68 silly addNameRange     '1.2.0',
68 silly addNameRange     '1.3.0',
68 silly addNameRange     '1.3.1',
68 silly addNameRange     '1.4.0',
68 silly addNameRange     '1.4.1',
68 silly addNameRange     '1.4.2',
68 silly addNameRange     '1.5.0',
68 silly addNameRange     '1.6.0',
68 silly addNameRange     '1.7.0',
68 silly addNameRange     '1.8.0',
68 silly addNameRange     '1.8.1',
68 silly addNameRange     '1.8.2',
68 silly addNameRange     '1.9.0',
68 silly addNameRange     '1.9.1',
68 silly addNameRange     '1.9.2',
68 silly addNameRange     '1.10.0',
68 silly addNameRange     '1.11.0' ] ]
69 verbose addNamed [ 'jade', '1.11.0' ]
70 verbose addNamed [ '1.11.0', '1.11.0' ]
71 silly lockFile 3da033ff-jade-1-11-0 jade@1.11.0
72 verbose lock jade@1.11.0 /home/narayand4/.npm/3da033ff-jade-1-11-0.lock
73 silly lockFile d7f8e295-y-npmjs-org-jade-jade-1-11-0-tgz https://registry.npmjs.org/jade/-/jade-1.11.0.tgz
74 verbose lock https://registry.npmjs.org/jade/-/jade-1.11.0.tgz /home/narayand4/.npm/d7f8e295-y-npmjs-org-jade-jade-1-11-0-tgz.lock
75 verbose addRemoteTarball [ 'https://registry.npmjs.org/jade/-/jade-1.11.0.tgz',
75 verbose addRemoteTarball   '9c80e538c12d3fb95c8d9bb9559fa0cc040405fd' ]
76 info retry fetch attempt 1 at 13:37:04
77 verbose fetch to= /tmp/npm-7043-EEveUDML/registry.npmjs.org/jade/-/jade-1.11.0.tgz
78 http GET https://registry.npmjs.org/jade/-/jade-1.11.0.tgz
79 http 200 https://registry.npmjs.org/mongoose
80 silly registry.get cb [ 200,
80 silly registry.get   { server: 'CouchDB/1.5.0 (Erlang OTP/R16B03)',
80 silly registry.get     etag: '"4DH35DSJAJ8NOCIXMTLUIQMQM"',
80 silly registry.get     'content-type': 'application/json',
80 silly registry.get     'cache-control': 'max-age=60',
80 silly registry.get     'content-length': '348173',
80 silly registry.get     'accept-ranges': 'bytes',
80 silly registry.get     date: 'Sun, 16 Aug 2015 08:07:02 GMT',
80 silly registry.get     via: '1.1 varnish',
80 silly registry.get     age: '59',
80 silly registry.get     connection: 'keep-alive',
80 silly registry.get     'x-served-by': 'cache-sin6924-SIN',
80 silly registry.get     'x-cache': 'HIT',
80 silly registry.get     'x-cache-hits': '1',
80 silly registry.get     'x-timer': 'S1439712422.777187,VS0,VE1',
80 silly registry.get     vary: 'Accept' } ]
81 silly addNameRange number 2 { name: 'mongoose', range: '>=2.7.0', hasData: true }
82 silly addNameRange versions [ 'mongoose',
82 silly addNameRange   [ '0.0.1',
82 silly addNameRange     '0.0.2',
82 silly addNameRange     '0.0.3',
82 silly addNameRange     '0.0.4',
82 silly addNameRange     '0.0.5',
82 silly addNameRange     '1.0.0',
82 silly addNameRange     '1.0.1',
82 silly addNameRange     '1.0.2',
82 silly addNameRange     '0.0.6',
82 silly addNameRange     '1.0.3',
82 silly addNameRange     '1.0.4',
82 silly addNameRange     '1.0.5',
82 silly addNameRange     '1.0.6',
82 silly addNameRange     '1.0.7',
82 silly addNameRange     '1.0.8',
82 silly addNameRange     '1.0.10',
82 silly addNameRange     '1.0.11',
82 silly addNameRange     '1.0.12',
82 silly addNameRange     '1.0.13',
82 silly addNameRange     '1.0.14',
82 silly addNameRange     '1.0.15',
82 silly addNameRange     '1.0.16',
82 silly addNameRange     '1.1.0',
82 silly addNameRange     '1.1.1',
82 silly addNameRange     '1.1.2',
82 silly addNameRange     '1.1.3',
82 silly addNameRange     '1.1.4',
82 silly addNameRange     '1.1.5',
82 silly addNameRange     '1.1.6',
82 silly addNameRange     '1.1.7',
82 silly addNameRange     '1.1.8',
82 silly addNameRange     '1.1.9',
82 silly addNameRange     '1.1.10',
82 silly addNameRange     '1.1.11',
82 silly addNameRange     '1.1.12',
82 silly addNameRange     '1.1.13',
82 silly addNameRange     '1.1.14',
82 silly addNameRange     '1.1.15',
82 silly addNameRange     '1.1.16',
82 silly addNameRange     '1.1.17',
82 silly addNameRange     '1.1.18',
82 silly addNameRange     '1.1.19',
82 silly addNameRange     '1.1.20',
82 silly addNameRange     '1.1.21',
82 silly addNameRange     '1.1.22',
82 silly addNameRange     '1.1.23',
82 silly addNameRange     '1.1.24',
82 silly addNameRange     '1.1.25',
82 silly addNameRange     '1.2.0',
82 silly addNameRange     '1.3.0',
82 silly addNameRange     '1.3.1',
82 silly addNameRange     '1.3.2',
82 silly addNameRange     '1.3.3',
82 silly addNameRange     '1.3.4',
82 silly addNameRange     '1.3.5',
82 silly addNameRange     '1.3.6',
82 silly addNameRange     '1.3.7',
82 silly addNameRange     '1.4.0',
82 silly addNameRange     '1.5.0',
82 silly addNameRange     '1.6.0',
82 silly addNameRange     '1.7.2',
82 silly addNameRange     '1.7.3',
82 silly addNameRange     '1.7.4',
82 silly addNameRange     '1.8.0',
82 silly addNameRange     '1.8.1',
82 silly addNameRange     '1.8.2',
82 silly addNameRange     '1.8.3',
82 silly addNameRange     '1.8.4',
82 silly addNameRange     '2.0.0',
82 silly addNameRange     '2.0.1',
82 silly addNameRange     '2.0.2',
82 silly addNameRange     '2.0.3',
82 silly addNameRange     '2.0.4',
82 silly addNameRange     '2.1.0',
82 silly addNameRange     '2.1.1',
82 silly addNameRange     '2.1.2',
82 silly addNameRange     '2.1.3',
82 silly addNameRange     '2.1.4',
82 silly addNameRange     '2.2.0',
82 silly addNameRange     '2.2.1',
82 silly addNameRange     '2.2.2',
82 silly addNameRange     '2.2.3',
82 silly addNameRange     '2.2.4',
82 silly addNameRange     '2.3.0',
82 silly addNameRange     '2.3.1',
82 silly addNameRange     '2.3.2',
82 silly addNameRange     '2.3.3',
82 silly addNameRange     '2.3.4',
82 silly addNameRange     '2.3.5',
82 silly addNameRange     '2.3.6',
82 silly addNameRange     '2.3.7',
82 silly addNameRange     '2.3.8',
82 silly addNameRange     '2.3.9',
82 silly addNameRange     '2.3.10',
82 silly addNameRange     '2.3.11',
82 silly addNameRange     '2.3.12',
82 silly addNameRange     '2.3.13',
82 silly addNameRange     '2.4.0',
82 silly addNameRange     '2.4.1',
82 silly addNameRange     '2.4.2',
82 silly addNameRange     '2.4.3',
82 silly addNameRange     '2.4.4',
82 silly addNameRange     '2.4.5',
82 silly addNameRange     '2.4.6',
82 silly addNameRange     '2.4.7',
82 silly addNameRange     '2.4.8',
82 silly addNameRange     '2.4.9',
82 silly addNameRange     '2.4.10',
82 silly addNameRange     '2.5.0',
82 silly addNameRange     '2.5.1',
82 silly addNameRange     '2.5.2',
82 silly addNameRange     '2.5.3',
82 silly addNameRange     '2.5.4',
82 silly addNameRange     '2.5.5',
82 silly addNameRange     '2.5.6',
82 silly addNameRange     '2.5.7',
82 silly addNameRange     '2.5.8',
82 silly addNameRange     '2.5.9',
82 silly addNameRange     '2.5.10',
82 silly addNameRange     '2.5.11',
82 silly addNameRange     '2.5.12',
82 silly addNameRange     '2.5.13',
82 silly addNameRange     '2.5.14',
82 silly addNameRange     '2.6.0',
82 silly addNameRange     '2.6.1',
82 silly addNameRange     '2.6.2',
82 silly addNameRange     '2.6.3',
82 silly addNameRange     '2.6.4',
82 silly addNameRange     '2.6.5',
82 silly addNameRange     '2.6.6',
82 silly addNameRange     '2.6.7',
82 silly addNameRange     '2.6.8',
82 silly addNameRange     '2.7.0',
82 silly addNameRange     '2.7.1',
82 silly addNameRange     '2.7.2',
82 silly addNameRange     '2.7.4',
82 silly addNameRange     '2.7.3',
82 silly addNameRange     '3.0.0',
82 silly addNameRange     '3.0.1',
82 silly addNameRange     '3.0.2',
82 silly addNameRange     '2.8.0',
82 silly addNameRange     '3.0.3',
82 silly addNameRange     '3.1.0',
82 silly addNameRange     '2.8.1',
82 silly addNameRange     '3.1.1',
82 silly addNameRange     '2.8.2',
82 silly addNameRange     '2.8.3',
82 silly addNameRange     '2.9.0',
82 silly addNameRange     '3.2.0',
82 silly addNameRange     '2.9.1',
82 silly addNameRange     '3.2.1',
82 silly addNameRange     '2.9.2',
82 silly addNameRange     '3.2.2',
82 silly addNameRange     '3.3.0',
82 silly addNameRange     '3.3.1',
82 silly addNameRange     '2.9.3',
82 silly addNameRange     '3.4.0',
82 silly addNameRange     '2.9.4',
82 silly addNameRange     '2.9.5',
82 silly addNameRange     '3.5.0',
82 silly addNameRange     '3.5.1',
82 silly addNameRange     '3.5.2',
82 silly addNameRange     '3.5.3',
82 silly addNameRange     '2.9.6',
82 silly addNameRange     '2.9.7',
82 silly addNameRange     '3.5.4',
82 silly addNameRange     '3.5.5',
82 silly addNameRange     '2.9.8',
82 silly addNameRange     '2.9.9',
82 silly addNameRange     '3.5.6',
82 silly addNameRange     '3.5.7',
82 silly addNameRange     '3.5.8',
82 silly addNameRange     '2.9.10',
82 silly addNameRange     '3.5.9',
82 silly addNameRange     '3.6.2',
82 silly addNameRange     '3.5.10',
82 silly addNameRange     '3.6.3',
82 silly addNameRange     '3.5.11',
82 silly addNameRange     '3.6.4',
82 silly addNameRange     '3.6.5',
82 silly addNameRange     '3.6.6',
82 silly addNameRange     '3.6.7',
82 silly addNameRange     '3.5.12',
82 silly addNameRange     '3.6.8',
82 silly addNameRange     '3.6.9',
82 silly addNameRange     '3.6.10',
82 silly addNameRange     '3.5.13',
82 silly addNameRange     '3.5.14',
82 silly addNameRange     '3.6.11',
82 silly addNameRange     '3.6.12',
82 silly addNameRange     '3.6.13',
82 silly addNameRange     '3.6.14',
82 silly addNameRange     '3.6.15',
82 silly addNameRange     '3.5.15',
82 silly addNameRange     '3.7.0',
82 silly addNameRange     '3.6.16',
82 silly addNameRange     '3.5.16',
82 silly addNameRange     '3.6.17',
82 silly addNameRange     '3.7.2',
82 silly addNameRange     '3.0.0-alpha1',
82 silly addNameRange     '3.0.0-alpha2',
82 silly addNameRange     '3.0.0-rc0',
82 silly addNameRange     '3.6.0-rc0',
82 silly addNameRange     '3.6.0-rc1',
82 silly addNameRange     '3.6.18',
82 silly addNameRange     '3.7.3',
82 silly addNameRange     '3.6.19',
82 silly addNameRange     '3.6.20',
82 silly addNameRange     '3.7.4',
82 silly addNameRange     '3.8.0',
82 silly addNameRange     '3.8.1',
82 silly addNameRange     '3.8.2',
82 silly addNameRange     '3.8.3',
82 silly addNameRange     '3.8.4',
82 silly addNameRange     '3.8.5',
82 silly addNameRange     '3.8.6',
82 silly addNameRange     '3.8.7',
82 silly addNameRange     '3.8.8',
82 silly addNameRange     '3.8.9',
82 silly addNameRange     '3.8.10',
82 silly addNameRange     '3.8.11',
82 silly addNameRange     '3.9.0',
82 silly addNameRange     '3.8.12',
82 silly addNameRange     '3.8.13',
82 silly addNameRange     '3.8.14',
82 silly addNameRange     '3.8.15',
82 silly addNameRange     '3.9.1',
82 silly addNameRange     '3.8.16',
82 silly addNameRange     '3.9.2',
82 silly addNameRange     '3.8.17',
82 silly addNameRange     '3.9.3',
82 silly addNameRange     '3.8.18',
82 silly addNameRange     '3.9.4',
82 silly addNameRange     '3.8.19',
82 silly addNameRange     '3.9.5',
82 silly addNameRange     '3.8.20',
82 silly addNameRange     '3.9.6',
82 silly addNameRange     '3.8.21',
82 silly addNameRange     '3.9.7',
82 silly addNameRange     '3.8.22',
82 silly addNameRange     '4.0.0-rc0',
82 silly addNameRange     '4.0.0-rc1',
82 silly addNameRange     '3.8.23',
82 silly addNameRange     '4.0.0-rc2',
82 silly addNameRange     '3.8.24',
82 silly addNameRange     '4.0.0-rc3',
82 silly addNameRange     '3.8.25',
82 silly addNameRange     '4.0.0-rc4',
82 silly addNameRange     '4.0.0',
82 silly addNameRange     '4.0.1',
82 silly addNameRange     '3.8.26',
82 silly addNameRange     '3.8.27',
82 silly addNameRange     '4.0.2',
82 silly addNameRange     '3.8.28',
82 silly addNameRange     '4.0.3',
82 silly addNameRange     '3.8.29',
82 silly addNameRange     '4.0.4',
82 silly addNameRange     '3.8.30',
82 silly addNameRange     '4.0.5',
82 silly addNameRange     '3.8.31',
82 silly addNameRange     '4.0.6',
82 silly addNameRange     '3.8.33',
82 silly addNameRange     '4.0.7',
82 silly addNameRange     '3.8.34',
82 silly addNameRange     '4.0.8',
82 silly addNameRange     '4.1.0',
82 silly addNameRange     '4.1.1',
82 silly addNameRange     '4.1.2',
82 silly addNameRange     '3.8.35' ] ]
83 verbose addNamed [ 'mongoose', '4.1.2' ]
84 verbose addNamed [ '4.1.2', '4.1.2' ]
85 silly lockFile 6f4fdd0f-mongoose-4-1-2 mongoose@4.1.2
86 verbose lock mongoose@4.1.2 /home/narayand4/.npm/6f4fdd0f-mongoose-4-1-2.lock
87 silly lockFile 4065b0c9--org-mongoose-mongoose-4-1-2-tgz https://registry.npmjs.org/mongoose/-/mongoose-4.1.2.tgz
88 verbose lock https://registry.npmjs.org/mongoose/-/mongoose-4.1.2.tgz /home/narayand4/.npm/4065b0c9--org-mongoose-mongoose-4-1-2-tgz.lock
89 verbose addRemoteTarball [ 'https://registry.npmjs.org/mongoose/-/mongoose-4.1.2.tgz',
89 verbose addRemoteTarball   'ab8bdc0a9ca09a8b8bebdc8e360d5495177fd929' ]
90 info retry fetch attempt 1 at 13:37:05
91 verbose fetch to= /tmp/npm-7043-EEveUDML/registry.npmjs.org/mongoose/-/mongoose-4.1.2.tgz
92 http GET https://registry.npmjs.org/mongoose/-/mongoose-4.1.2.tgz
93 http 200 https://registry.npmjs.org/jade/-/jade-1.11.0.tgz
94 http 200 https://registry.npmjs.org/express
95 silly registry.get cb [ 200,
95 silly registry.get   { server: 'CouchDB/1.5.0 (Erlang OTP/R16B03)',
95 silly registry.get     etag: '"5RPOEZW5CKB62KZJFFNEMIOGU"',
95 silly registry.get     'content-type': 'application/json',
95 silly registry.get     'cache-control': 'max-age=60',
95 silly registry.get     'content-length': '525930',
95 silly registry.get     'accept-ranges': 'bytes',
95 silly registry.get     date: 'Sun, 16 Aug 2015 08:07:02 GMT',
95 silly registry.get     via: '1.1 varnish',
95 silly registry.get     age: '59',
95 silly registry.get     connection: 'keep-alive',
95 silly registry.get     'x-served-by': 'cache-sin6924-SIN',
95 silly registry.get     'x-cache': 'HIT',
95 silly registry.get     'x-cache-hits': '1',
95 silly registry.get     'x-timer': 'S1439712422.799108,VS0,VE1',
95 silly registry.get     vary: 'Accept' } ]
96 silly lockFile ba242734-s-org-express-express-2-5-11-tgz https://registry.npmjs.org/express/-/express-2.5.11.tgz
97 verbose lock https://registry.npmjs.org/express/-/express-2.5.11.tgz /home/narayand4/.npm/ba242734-s-org-express-express-2-5-11-tgz.lock
98 verbose addRemoteTarball [ 'https://registry.npmjs.org/express/-/express-2.5.11.tgz',
98 verbose addRemoteTarball   '4ce8ea1f3635e69e49f0ebb497b6a4b0a51ce6f0' ]
99 info retry fetch attempt 1 at 13:37:06
100 verbose fetch to= /tmp/npm-7043-EEveUDML/registry.npmjs.org/express/-/express-2.5.11.tgz
101 http GET https://registry.npmjs.org/express/-/express-2.5.11.tgz
102 silly lockFile d7f8e295-y-npmjs-org-jade-jade-1-11-0-tgz https://registry.npmjs.org/jade/-/jade-1.11.0.tgz
103 silly lockFile d7f8e295-y-npmjs-org-jade-jade-1-11-0-tgz https://registry.npmjs.org/jade/-/jade-1.11.0.tgz
104 silly lockFile 3da033ff-jade-1-11-0 jade@1.11.0
105 silly lockFile 3da033ff-jade-1-11-0 jade@1.11.0
106 silly lockFile 15f6ebf8-jade-0-0-1 jade@>= 0.0.1
107 silly lockFile 15f6ebf8-jade-0-0-1 jade@>= 0.0.1
108 http 200 https://registry.npmjs.org/mongoose/-/mongoose-4.1.2.tgz
109 silly lockFile 4065b0c9--org-mongoose-mongoose-4-1-2-tgz https://registry.npmjs.org/mongoose/-/mongoose-4.1.2.tgz
110 silly lockFile 4065b0c9--org-mongoose-mongoose-4-1-2-tgz https://registry.npmjs.org/mongoose/-/mongoose-4.1.2.tgz
111 silly lockFile 6f4fdd0f-mongoose-4-1-2 mongoose@4.1.2
112 silly lockFile 6f4fdd0f-mongoose-4-1-2 mongoose@4.1.2
113 silly lockFile 0c4e4397-mongoose-2-7-0 mongoose@>=2.7.0
114 silly lockFile 0c4e4397-mongoose-2-7-0 mongoose@>=2.7.0
115 http 200 https://registry.npmjs.org/express/-/express-2.5.11.tgz
116 silly lockFile ba242734-s-org-express-express-2-5-11-tgz https://registry.npmjs.org/express/-/express-2.5.11.tgz
117 silly lockFile ba242734-s-org-express-express-2-5-11-tgz https://registry.npmjs.org/express/-/express-2.5.11.tgz
118 silly lockFile 631042f2-express-2-5-11 express@2.5.11
119 silly lockFile 631042f2-express-2-5-11 express@2.5.11
120 error Error: EACCES, mkdir '/home/narayand4/.npm/jade/1.11.0'
120 error  { [Error: EACCES, mkdir '/home/narayand4/.npm/jade/1.11.0']
120 error   errno: 3,
120 error   code: 'EACCES',
120 error   path: '/home/narayand4/.npm/jade/1.11.0',
120 error   parent: 'application-name' }
121 error Please try running this command again as root/Administrator.
122 error System Linux 3.13.0-48-generic
123 error command "/usr/bin/node" "/usr/bin/npm" "install"
124 error cwd /home/narayand4/projects/nodejs/mongodb/mongo_express
125 error node -v v0.10.37
126 error npm -v 1.4.28
127 error path /home/narayand4/.npm/jade/1.11.0
128 error code EACCES
129 error errno 3
130 error stack Error: EACCES, mkdir '/home/narayand4/.npm/jade/1.11.0'
131 verbose exit [ 3, true ]
